-------------------------------------------------------------------------------
Test set: com.itmuch.usercenter.UserCenterApplicationTests
-------------------------------------------------------------------------------
Tests run: 1, Failures: 0, Errors: 1, Skipped: 0, Time elapsed: 0.662 s <<< FAILURE! - in com.itmuch.usercenter.UserCenterApplicationTests
com.itmuch.usercenter.UserCenterApplicationTests  Time elapsed: 0.66 s  <<< ERROR!
java.lang.IllegalStateException: Unable to find a @SpringBootConfiguration, you need to use @ContextConfiguration or @SpringBootTest(classes=...) with your test

